<?xml version="1.0" encoding="utf-8"?><testsuites name="pytest tests"><testsuite name="pytest" errors="0" failures="0" skipped="0" tests="30" time="5.636" timestamp="2026-09-24T07:58:19.525719+00:00" hostname="agent-env-6f04fd92-40ef-43c9-869a-c5a9a9afe6ea"><testcase classname="tests.test_social_feed.TestPostsCRUD" name="test_get_post_invalid_id_404" time="0.270" /><testcase classname="tests.test_social_feed.TestPostsCRUD" name="test_get_post_missing_404" time="0.253" /><testcase classname="tests.test_social_feed.TestPostsCRUD" name="test_create_photo_post_requires_auth" time="0.118" /><testcase classname="tests.test_social_feed.TestFollows" name="test_cannot_follow_self" time="0.753" /><testcase classname="tests.test_social_feed.TestPostsCRUD" name="test_create_and_delete_photo_post" time="1.044" /><testcase classname="tests.test_social_feed.TestFollows" name="test_follow_toggle_and_profile" time="1.069" /><testcase classname="tests.test_social_feed.TestPostsCRUD" name="test_create_reel_must_be_video" time="0.112" /><testcase classname="tests.test_social_feed.TestPostsCRUD" name="test_create_post_invalid_type" time="0.111" /><testcase classname="tests.test_social_feed.TestFollows" name="test_following_feed_populated" time="0.749" /><testcase classname="tests.test_social_feed.TestPostsCRUD" name="test_delete_others_post_forbidden" time="0.733" /><testcase classname="tests.test_social_feed.TestFollows" name="test_user_posts_endpoint" time="0.125" /><testcase classname="tests.test_social_feed.TestFeed" name="test_feed_foryou_public" time="0.116" /><testcase classname="tests.test_social_feed.TestFollows" name="test_user_profile_invalid_id" time="0.114" /><testcase classname="tests.test_social_feed.TestFeed" name="test_feed_reels_only" time="0.107" /><testcase classname="tests.test_social_feed.TestFeed" name="test_feed_following_requires_auth" time="0.107" /><testcase classname="tests.test_social_feed.TestLikeSave" name="test_like_requires_auth" time="0.230" /><testcase classname="tests.test_social_feed.TestFeed" name="test_feed_pagination_cursor" time="0.225" /><testcase classname="tests.test_social_feed.TestLikeSave" name="test_toggle_like_persists" time="0.340" /><testcase classname="tests.test_social_feed.TestReports" name="test_report_invalid_reason" time="0.238" /><testcase classname="tests.test_social_feed.TestLikeSave" name="test_like_invalid_post_404" time="0.116" /><testcase classname="tests.test_social_feed.TestReports" name="test_report_invalid_target" time="0.114" /><testcase classname="tests.test_social_feed.TestLikeSave" name="test_toggle_save_persists" time="0.350" /><testcase classname="tests.test_social_feed.TestReports" name="test_report_ok" time="0.126" /><testcase classname="tests.test_social_feed.TestReports" name="test_report_requires_auth" time="0.110" /><testcase classname="tests.test_social_feed.TestSocialSearch" name="test_search_empty" time="0.110" /><testcase classname="tests.test_social_feed.TestComments" name="test_add_comment_and_reply" time="1.058" /><testcase classname="tests.test_social_feed.TestSocialSearch" name="test_search_user" time="0.112" /><testcase classname="tests.test_social_feed.TestSocialSearch" name="test_search_restaurant" time="0.114" /><testcase classname="tests.test_social_feed.TestComments" name="test_empty_comment_rejected" time="0.265" /><testcase classname="tests.test_social_feed.TestComments" name="test_reply_to_invalid_parent" time="0.115" /></testsuite></testsuites>