<?xml version="1.0" encoding="utf-8"?><testsuites name="pytest tests"><testsuite name="pytest" errors="0" failures="0" skipped="0" tests="29" time="39.740" timestamp="2026-09-24T06:52:14.709367+00:00" hostname="agent-env-6f04fd92-40ef-43c9-869a-c5a9a9afe6ea"><testcase classname="tests.test_orders_reviews_notifications.TestOrders" name="test_create_order_requires_auth" time="0.238" /><testcase classname="tests.backend_test.TestAuth" name="test_login_demo_user" time="0.464" /><testcase classname="tests.backend_test.TestAuth" name="test_login_wrong_password" time="0.443" /><testcase classname="tests.test_orders_reviews_notifications.TestOrders" name="test_create_order_promo_hemat10_price_math" time="1.239" /><testcase classname="tests.backend_test.TestAuth" name="test_register_new_user_and_me" time="0.402" /><testcase classname="tests.backend_test.TestAuth" name="test_register_short_password_rejected" time="0.131" /><testcase classname="tests.backend_test.TestAuth" name="test_register_duplicate_email" time="0.124" /><testcase classname="tests.test_orders_reviews_notifications.TestOrders" name="test_missing_required_option_rejected" time="0.418" /><testcase classname="tests.backend_test.TestAuth" name="test_me_no_token" time="0.112" /><testcase classname="tests.backend_test.TestAuth" name="test_me_invalid_token" time="0.144" /><testcase classname="tests.backend_test.TestRestaurants" name="test_list_restaurants" time="0.118" /><testcase classname="tests.test_orders_reviews_notifications.TestOrders" name="test_invalid_payment_method" time="0.403" /><testcase classname="tests.backend_test.TestRestaurants" name="test_list_community_filter" time="0.121" /><testcase classname="tests.backend_test.TestRestaurants" name="test_search_by_name_laksa" time="0.127" /><testcase classname="tests.backend_test.TestRestaurants" name="test_get_restaurant_detail_and_menu" time="0.235" /><testcase classname="tests.test_orders_reviews_notifications.TestOrders" name="test_promo_eatly25_min_subtotal_enforced" time="0.340" /><testcase classname="tests.backend_test.TestRestaurants" name="test_get_restaurant_invalid_id" time="0.153" /><testcase classname="tests.backend_test.TestRestaurants" name="test_get_restaurant_valid_objectid_not_found" time="0.126" /><testcase classname="tests.test_orders_reviews_notifications.TestOrders" name="test_invalid_promo_rejected" time="0.535" /><testcase classname="tests.backend_test.TestFavorites" name="test_toggle_requires_auth" time="0.118" /><testcase classname="tests.backend_test.TestFavorites" name="test_toggle_flow_and_counts" time="1.079" /><testcase classname="tests.test_orders_reviews_notifications.TestOrders" name="test_cancel_within_window" time="0.485" /><testcase classname="tests.test_orders_reviews_notifications.TestOrders" name="test_cancel_after_window_fails" time="6.495" /><testcase classname="tests.test_orders_reviews_notifications.TestReviews" name="test_review_requires_completed_order" time="0.473" /><testcase classname="tests.test_orders_reviews_notifications.TestReviews" name="test_review_completed_order_updates_rating" time="29.227" /><testcase classname="tests.test_orders_reviews_notifications.TestOrders" name="test_complete_only_when_ready" time="0.477" /><testcase classname="tests.test_orders_reviews_notifications.TestOrders" name="test_status_progression_and_complete" time="28.772" /><testcase classname="tests.backend_test.TestReels" name="test_list_reels" time="0.112" /><testcase classname="tests.test_orders_reviews_notifications.TestNotifications" name="test_notifications_flow" time="0.798" /></testsuite></testsuites>